[debug] [2024-11-02T12:25:11.487Z] ----------------------------------------------------------------------
[debug] [2024-11-02T12:25:11.500Z] Command:       C:\Program Files\nodejs\node.exe C:\Users\ABC\AppData\Roaming\npm\node_modules\firebase-tools\lib\bin\firebase.js init
[debug] [2024-11-02T12:25:11.502Z] CLI Version:   13.23.1
[debug] [2024-11-02T12:25:11.502Z] Platform:      win32
[debug] [2024-11-02T12:25:11.503Z] Node Version:  v22.11.0
[debug] [2024-11-02T12:25:11.505Z] Time:          Sat Nov 02 2024 15:25:11 GMT+0300 (Moscow Standard Time)
[debug] [2024-11-02T12:25:11.506Z] ----------------------------------------------------------------------
[debug] 
[debug] [2024-11-02T12:25:11.651Z] > command requires scopes: ["email","openid","https://www.googleapis.com/auth/cloudplatformprojects.readonly","https://www.googleapis.com/auth/firebase","https://www.googleapis.com/auth/cloud-platform"]
[debug] [2024-11-02T12:25:11.653Z] > authorizing via signed-in user (khannabiha923@gmail.com)
[info] 
     ######## #### ########  ######## ########     ###     ######  ########
     ##        ##  ##     ## ##       ##     ##  ##   ##  ##       ##
     ######    ##  ########  ######   ########  #########  ######  ######
     ##        ##  ##    ##  ##       ##     ## ##     ##       ## ##
     ##       #### ##     ## ######## ########  ##     ##  ######  ########

You're about to initialize a Firebase project in this directory:

  C:\Users\ABC\OneDrive\Desktop\e-commerce-website

[info] 
=== Project Setup
[info] 
[info] First, let's associate this project directory with a Firebase project.
[info] You can create multiple project aliases by running firebase use --add, 
[info] but for now we'll just set up a default project.
[info] 
[debug] [2024-11-02T12:32:26.156Z] Checked if tokens are valid: true, expires at: 1730553373064
[debug] [2024-11-02T12:32:26.157Z] Checked if tokens are valid: true, expires at: 1730553373064
[debug] [2024-11-02T12:32:26.161Z] >>> [apiv2][query] GET https://firebase.googleapis.com/v1beta1/projects pageSize=100
[debug] [2024-11-02T12:32:27.964Z] <<< [apiv2][status] GET https://firebase.googleapis.com/v1beta1/projects 200
[debug] [2024-11-02T12:32:27.965Z] <<< [apiv2][body] GET https://firebase.googleapis.com/v1beta1/projects [omitted]
[info] i  Using project e-commerce-87df5 (e-commerce) 
[info] 
=== Dataconnect Setup
[debug] [2024-11-02T12:35:56.804Z] Checked if tokens are valid: true, expires at: 1730553373064
[debug] [2024-11-02T12:35:56.804Z] Checked if tokens are valid: true, expires at: 1730553373064
[debug] [2024-11-02T12:35:56.805Z] >>> [apiv2][query] GET https://cloudbilling.googleapis.com/v1/projects/e-commerce-87df5/billingInfo [none]
[debug] [2024-11-02T12:35:57.938Z] <<< [apiv2][status] GET https://cloudbilling.googleapis.com/v1/projects/e-commerce-87df5/billingInfo 200
[debug] [2024-11-02T12:35:57.939Z] <<< [apiv2][body] GET https://cloudbilling.googleapis.com/v1/projects/e-commerce-87df5/billingInfo {"name":"projects/e-commerce-87df5/billingInfo","projectId":"e-commerce-87df5","billingAccountName":"","billingEnabled":false}
[info] i  dataconnect: ensuring required API sqladmin.googleapis.com is enabled... 
[debug] [2024-11-02T12:35:57.953Z] Checked if tokens are valid: true, expires at: 1730553373064
[debug] [2024-11-02T12:35:57.953Z] Checked if tokens are valid: true, expires at: 1730553373064
[debug] [2024-11-02T12:35:57.954Z] >>> [apiv2][query] GET https://serviceusage.googleapis.com/v1/projects/e-commerce-87df5/services/sqladmin.googleapis.com [none]
[debug] [2024-11-02T12:35:57.954Z] >>> [apiv2][(partial)header] GET https://serviceusage.googleapis.com/v1/projects/e-commerce-87df5/services/sqladmin.googleapis.com x-goog-quota-user=projects/e-commerce-87df5
[debug] [2024-11-02T12:35:59.775Z] <<< [apiv2][status] GET https://serviceusage.googleapis.com/v1/projects/e-commerce-87df5/services/sqladmin.googleapis.com 200
[debug] [2024-11-02T12:35:59.776Z] <<< [apiv2][body] GET https://serviceusage.googleapis.com/v1/projects/e-commerce-87df5/services/sqladmin.googleapis.com [omitted]
[warn] !  dataconnect: missing required API sqladmin.googleapis.com. Enabling now... 
[debug] [2024-11-02T12:35:59.779Z] Checked if tokens are valid: true, expires at: 1730553373064
[debug] [2024-11-02T12:35:59.780Z] Checked if tokens are valid: true, expires at: 1730553373064
[debug] [2024-11-02T12:35:59.781Z] >>> [apiv2][query] POST https://serviceusage.googleapis.com/v1/projects/e-commerce-87df5/services/sqladmin.googleapis.com:enable [none]
[debug] [2024-11-02T12:35:59.781Z] >>> [apiv2][(partial)header] POST https://serviceusage.googleapis.com/v1/projects/e-commerce-87df5/services/sqladmin.googleapis.com:enable x-goog-quota-user=projects/e-commerce-87df5
[debug] [2024-11-02T12:36:00.454Z] <<< [apiv2][status] POST https://serviceusage.googleapis.com/v1/projects/e-commerce-87df5/services/sqladmin.googleapis.com:enable 200
[debug] [2024-11-02T12:36:00.454Z] <<< [apiv2][body] POST https://serviceusage.googleapis.com/v1/projects/e-commerce-87df5/services/sqladmin.googleapis.com:enable [omitted]
[debug] [2024-11-02T12:36:10.466Z] Checked if tokens are valid: true, expires at: 1730553373064
[debug] [2024-11-02T12:36:10.469Z] Checked if tokens are valid: true, expires at: 1730553373064
[debug] [2024-11-02T12:36:10.470Z] >>> [apiv2][query] GET https://serviceusage.googleapis.com/v1/projects/e-commerce-87df5/services/sqladmin.googleapis.com [none]
[debug] [2024-11-02T12:36:10.470Z] >>> [apiv2][(partial)header] GET https://serviceusage.googleapis.com/v1/projects/e-commerce-87df5/services/sqladmin.googleapis.com x-goog-quota-user=projects/e-commerce-87df5
[debug] [2024-11-02T12:36:13.406Z] <<< [apiv2][status] GET https://serviceusage.googleapis.com/v1/projects/e-commerce-87df5/services/sqladmin.googleapis.com 200
[debug] [2024-11-02T12:36:13.407Z] <<< [apiv2][body] GET https://serviceusage.googleapis.com/v1/projects/e-commerce-87df5/services/sqladmin.googleapis.com [omitted]
[info] +  dataconnect: required API sqladmin.googleapis.com is enabled 
[info] +  Wrote dataconnect\dataconnect.yaml 
[info] +  Wrote dataconnect\schema\schema.gql 
[info] +  Wrote dataconnect\connector\connector.yaml 
[info] +  Wrote dataconnect\connector\queries.gql 
[info] +  Wrote dataconnect\connector\mutations.gql 
[info] i  If you'd like to add the generated SDK to your app your, run firebase init dataconnect:sdk 
[info] i  If you'd like to provision a CloudSQL Postgres instance on the Firebase Data Connect no-cost trial:
1. Please upgrade to the pay-as-you-go (Blaze) billing plan. Visit the following page:
     https://console.firebase.google.com/project/e-commerce-87df5/usage/details
2. Run firebase init dataconnect again to configure the Cloud SQL instance.
3. Run firebase deploy --only dataconnect to deploy your Data Connect service. 
[info] 
=== Firestore Setup
[debug] [2024-11-02T12:36:13.524Z] Checked if tokens are valid: true, expires at: 1730553373064
[debug] [2024-11-02T12:36:13.525Z] Checked if tokens are valid: true, expires at: 1730553373064
[debug] [2024-11-02T12:36:13.525Z] >>> [apiv2][query] GET https://serviceusage.googleapis.com/v1/projects/e-commerce-87df5/services/firestore.googleapis.com [none]
[debug] [2024-11-02T12:36:13.525Z] >>> [apiv2][(partial)header] GET https://serviceusage.googleapis.com/v1/projects/e-commerce-87df5/services/firestore.googleapis.com x-goog-quota-user=projects/e-commerce-87df5
[debug] [2024-11-02T12:36:14.987Z] <<< [apiv2][status] GET https://serviceusage.googleapis.com/v1/projects/e-commerce-87df5/services/firestore.googleapis.com 200
[debug] [2024-11-02T12:36:14.988Z] <<< [apiv2][body] GET https://serviceusage.googleapis.com/v1/projects/e-commerce-87df5/services/firestore.googleapis.com [omitted]
[debug] [2024-11-02T12:36:20.018Z] Error: Timed out.
    at Timeout._onTimeout (C:\Users\ABC\AppData\Roaming\npm\node_modules\firebase-tools\lib\utils.js:268:49)
    at listOnTimeout (node:internal/timers:594:17)
    at process.processTimers (node:internal/timers:529:7)
[error] 
[error] Error: An unexpected error has occurred.
